[15:09:27] [main/INFO]: Environment: authHost='https://authserver.mojang.com', accountsHost='https://api.mojang.com', sessionHost='https://sessionserver.mojang.com', servicesHost='https://api.minecraftservices.com', name='PROD'
[15:09:27] [main/WARN]: Ambiguity between arguments [teleport, destination] and [teleport, targets] with inputs: [Player, 0123, @e, dd12be42-52a9-4a91-a8a1-11c01849e498]
[15:09:27] [main/WARN]: Ambiguity between arguments [teleport, location] and [teleport, destination] with inputs: [0.1 -0.5 .9, 0 0 0]
[15:09:27] [main/WARN]: Ambiguity between arguments [teleport, location] and [teleport, targets] with inputs: [0.1 -0.5 .9, 0 0 0]
[15:09:27] [main/WARN]: Ambiguity between arguments [teleport, targets] and [teleport, destination] with inputs: [Player, 0123, dd12be42-52a9-4a91-a8a1-11c01849e498]
[15:09:27] [main/WARN]: Ambiguity between arguments [teleport, targets, location] and [teleport, targets, destination] with inputs: [0.1 -0.5 .9, 0 0 0]
[15:09:27] [main/INFO]: Reloading ResourceManager: Default
[15:09:27] [Worker-Main-10/INFO]: Loaded 7 recipes
[15:09:27] [Worker-Main-10/INFO]: Loaded 927 advancements
[15:09:28] [Server thread/INFO]: Starting minecraft server version 1.16.5
[15:09:28] [Server thread/INFO]: Loading properties
[15:09:28] [Server thread/INFO]: Default game type: SURVIVAL
[15:09:28] [Server thread/INFO]: Generating keypair
[15:09:28] [Server thread/INFO]: Starting Minecraft server on *:25565
[15:09:28] [Server thread/INFO]: Using default channel type
[15:09:28] [Server thread/INFO]: Preparing level "world"
[15:09:28] [Server thread/INFO]: Preparing start region for dimension minecraft:overworld
[15:09:29] [Server thread/INFO]: Preparing spawn area: 0%
[15:09:29] [Server thread/INFO]: Preparing spawn area: 0%
[15:09:29] [Server thread/INFO]: Time elapsed: 854 ms
[15:09:29] [Server thread/INFO]: Done (0.906s)! For help, type "help"
[15:09:33] [User Authenticator #1/INFO]: UUID of player Gregor_MacGregor is 17ed1233-8937-400f-ba43-e7ee4640edfe
[15:09:33] [Server thread/INFO]: Gregor_MacGregor[/25.15.47.116:62003] logged in with entity id 31 at (-1911.1447908578332, 67.0, 102.22429342844421)
[15:09:33] [Server thread/INFO]: Gregor_MacGregor joined the game
[15:09:37] [Server thread/INFO]: Gregor_MacGregor lost connection: Disconnected
[15:09:37] [Server thread/INFO]: Gregor_MacGregor left the game
[15:09:42] [Server thread/INFO]: Stopping the server
[15:09:42] [Server thread/INFO]: Stopping server
[15:09:42] [Server thread/INFO]: Saving players
[15:09:42] [Server thread/INFO]: Saving worlds
[15:09:42] [Server thread/INFO]: Saving chunks for level 'ServerLevel[world]'/minecraft:overworld
[15:09:42] [Server thread/INFO]: ThreadedAnvilChunkStorage (world): All chunks are saved
[15:09:42] [Server thread/INFO]: Saving chunks for level 'ServerLevel[world]'/minecraft:the_nether
[15:09:42] [Server thread/INFO]: ThreadedAnvilChunkStorage (DIM-1): All chunks are saved
[15:09:42] [Server thread/INFO]: Saving chunks for level 'ServerLevel[world]'/minecraft:the_end
[15:09:42] [Server thread/INFO]: ThreadedAnvilChunkStorage (DIM1): All chunks are saved
[15:09:42] [Server thread/INFO]: ThreadedAnvilChunkStorage (world): All chunks are saved
[15:09:42] [Server thread/INFO]: ThreadedAnvilChunkStorage (DIM-1): All chunks are saved
[15:09:42] [Server thread/INFO]: ThreadedAnvilChunkStorage (DIM1): All chunks are saved
